2016-10-19 01:16:42 INFO  GreetingsChoice:27 - Current time 01:16:42.072
2016-10-19 01:16:42 INFO  GreetingsChoice:54 - Greetings in that moment is : Доброй ночи, Мир!
2016-10-19 01:16:42 INFO  GreetingsChoice:27 - Current time 01:16:42.157
2016-10-19 01:16:42 ERROR GreetingsChoice:52 - Error while encoding 'result! '
java.io.UnsupportedEncodingException: cerere
	at java.lang.StringCoding.encode(StringCoding.java:341)
	at java.lang.String.getBytes(String.java:918)
	at core.GreetingsChoice.choice(GreetingsChoice.java:32)
	at core.GreetingsChoiceTest.choiceTest1(GreetingsChoiceTest.java:22)
	at sun.reflect.NativeMethodAccessorImpl.invoke0(Native Method)
	at sun.reflect.NativeMethodAccessorImpl.invoke(NativeMethodAccessorImpl.java:62)
	at sun.reflect.DelegatingMethodAccessorImpl.invoke(DelegatingMethodAccessorImpl.java:43)
	at java.lang.reflect.Method.invoke(Method.java:497)
	at org.junit.runners.model.FrameworkMethod$1.runReflectiveCall(FrameworkMethod.java:50)
	at org.junit.internal.runners.model.ReflectiveCallable.run(ReflectiveCallable.java:12)
	at org.junit.runners.model.FrameworkMethod.invokeExplosively(FrameworkMethod.java:47)
	at org.junit.internal.runners.statements.InvokeMethod.evaluate(InvokeMethod.java:17)
	at org.junit.runners.ParentRunner.runLeaf(ParentRunner.java:325)
	at org.junit.runners.BlockJUnit4ClassRunner.runChild(BlockJUnit4ClassRunner.java:78)
	at org.junit.runners.BlockJUnit4ClassRunner.runChild(BlockJUnit4ClassRunner.java:57)
	at org.junit.runners.ParentRunner$3.run(ParentRunner.java:290)
	at org.junit.runners.ParentRunner$1.schedule(ParentRunner.java:71)
	at org.junit.runners.ParentRunner.runChildren(ParentRunner.java:288)
	at org.junit.runners.ParentRunner.access$000(ParentRunner.java:58)
	at org.junit.runners.ParentRunner$2.evaluate(ParentRunner.java:268)
	at org.junit.runners.ParentRunner.run(ParentRunner.java:363)
	at org.junit.runner.JUnitCore.run(JUnitCore.java:137)
	at com.intellij.junit4.JUnit4IdeaTestRunner.startRunnerWithArgs(JUnit4IdeaTestRunner.java:74)
	at com.intellij.rt.execution.junit.JUnitStarter.prepareStreamsAndStart(JUnitStarter.java:211)
	at com.intellij.rt.execution.junit.JUnitStarter.main(JUnitStarter.java:67)
	at sun.reflect.NativeMethodAccessorImpl.invoke0(Native Method)
	at sun.reflect.NativeMethodAccessorImpl.invoke(NativeMethodAccessorImpl.java:62)
	at sun.reflect.DelegatingMethodAccessorImpl.invoke(DelegatingMethodAccessorImpl.java:43)
	at java.lang.reflect.Method.invoke(Method.java:497)
	at com.intellij.rt.execution.application.AppMain.main(AppMain.java:134)
2016-10-19 01:16:42 INFO  GreetingsChoice:54 - Greetings in that moment is : null
2016-10-19 01:16:42 INFO  GreetingsChoice:27 - Current time 23:03:03
2016-10-19 01:16:42 INFO  GreetingsChoice:54 - Greetings in that moment is : Доброй ночи, Мир!
2016-10-19 01:16:42 INFO  GreetingsChoice:27 - Current time 23:03:03
2016-10-19 01:16:42 INFO  GreetingsChoice:54 - Greetings in that moment is : Доброй ночи, Мир!
2016-10-19 01:18:01 INFO  GreetingsChoice:27 - Current time 01:18:01.843
2016-10-19 01:18:01 INFO  GreetingsChoice:54 - Greetings in that moment is : Доброй ночи, Мир!
2016-10-19 01:32:10 INFO  GreetingsChoice:27 - Current time 01:32:10.106
2016-10-19 01:32:10 INFO  GreetingsChoice:54 - Greetings in that moment is : Доброй ночи, Мир!
2016-10-19 01:32:10 INFO  GreetingsChoice:27 - Current time 01:32:10.178
2016-10-19 01:32:10 ERROR GreetingsChoice:52 - Error while encoding 'result! '
java.io.UnsupportedEncodingException: cerere
	at java.lang.StringCoding.encode(StringCoding.java:341)
	at java.lang.String.getBytes(String.java:918)
	at core.GreetingsChoice.choice(GreetingsChoice.java:32)
	at core.GreetingsChoiceTest.choiceTest1(GreetingsChoiceTest.java:22)
	at sun.reflect.NativeMethodAccessorImpl.invoke0(Native Method)
	at sun.reflect.NativeMethodAccessorImpl.invoke(NativeMethodAccessorImpl.java:62)
	at sun.reflect.DelegatingMethodAccessorImpl.invoke(DelegatingMethodAccessorImpl.java:43)
	at java.lang.reflect.Method.invoke(Method.java:497)
	at org.junit.runners.model.FrameworkMethod$1.runReflectiveCall(FrameworkMethod.java:50)
	at org.junit.internal.runners.model.ReflectiveCallable.run(ReflectiveCallable.java:12)
	at org.junit.runners.model.FrameworkMethod.invokeExplosively(FrameworkMethod.java:47)
	at org.junit.internal.runners.statements.InvokeMethod.evaluate(InvokeMethod.java:17)
	at org.junit.runners.ParentRunner.runLeaf(ParentRunner.java:325)
	at org.junit.runners.BlockJUnit4ClassRunner.runChild(BlockJUnit4ClassRunner.java:78)
	at org.junit.runners.BlockJUnit4ClassRunner.runChild(BlockJUnit4ClassRunner.java:57)
	at org.junit.runners.ParentRunner$3.run(ParentRunner.java:290)
	at org.junit.runners.ParentRunner$1.schedule(ParentRunner.java:71)
	at org.junit.runners.ParentRunner.runChildren(ParentRunner.java:288)
	at org.junit.runners.ParentRunner.access$000(ParentRunner.java:58)
	at org.junit.runners.ParentRunner$2.evaluate(ParentRunner.java:268)
	at org.junit.runners.ParentRunner.run(ParentRunner.java:363)
	at org.junit.runner.JUnitCore.run(JUnitCore.java:137)
	at com.intellij.junit4.JUnit4IdeaTestRunner.startRunnerWithArgs(JUnit4IdeaTestRunner.java:74)
	at com.intellij.rt.execution.junit.JUnitStarter.prepareStreamsAndStart(JUnitStarter.java:211)
	at com.intellij.rt.execution.junit.JUnitStarter.main(JUnitStarter.java:67)
	at sun.reflect.NativeMethodAccessorImpl.invoke0(Native Method)
	at sun.reflect.NativeMethodAccessorImpl.invoke(NativeMethodAccessorImpl.java:62)
	at sun.reflect.DelegatingMethodAccessorImpl.invoke(DelegatingMethodAccessorImpl.java:43)
	at java.lang.reflect.Method.invoke(Method.java:497)
	at com.intellij.rt.execution.application.AppMain.main(AppMain.java:134)
2016-10-19 01:32:10 INFO  GreetingsChoice:54 - Greetings in that moment is : null
2016-10-19 01:32:10 INFO  GreetingsChoice:27 - Current time 23:03:03
2016-10-19 01:32:10 INFO  GreetingsChoice:54 - Greetings in that moment is : Доброй ночи, Мир!
2016-10-19 01:32:10 INFO  GreetingsChoice:27 - Current time 23:03:03
2016-10-19 01:32:10 INFO  GreetingsChoice:54 - Greetings in that moment is : Доброй ночи, Мир!
2016-10-19 01:33:16 INFO  GreetingsChoice:27 - Current time 23:03:03
2016-10-19 01:33:16 INFO  GreetingsChoice:54 - Greetings in that moment is : Доброй ночи, Мир!
2016-10-19 01:35:30 INFO  GreetingsChoice:27 - Current time 23:03:03
2016-10-19 01:35:30 INFO  GreetingsChoice:54 - Greetings in that moment is : Доброй ночи, Мир!
2016-10-19 02:56:06 INFO  GreetingsChoice:27 - Current time 02:56:06.086
2016-10-19 02:56:06 INFO  GreetingsChoice:54 - Greetings in that moment is : Доброй ночи, Мир!
2016-10-19 02:56:06 INFO  GreetingsChoice:27 - Current time 02:56:06.174
2016-10-19 02:56:06 ERROR GreetingsChoice:52 - Error while encoding 'result! '
java.io.UnsupportedEncodingException: cerere
	at java.lang.StringCoding.encode(StringCoding.java:341)
	at java.lang.String.getBytes(String.java:918)
	at core.GreetingsChoice.choice(GreetingsChoice.java:32)
	at core.GreetingsChoiceTest.choiceTest1(GreetingsChoiceTest.java:23)
	at sun.reflect.NativeMethodAccessorImpl.invoke0(Native Method)
	at sun.reflect.NativeMethodAccessorImpl.invoke(NativeMethodAccessorImpl.java:62)
	at sun.reflect.DelegatingMethodAccessorImpl.invoke(DelegatingMethodAccessorImpl.java:43)
	at java.lang.reflect.Method.invoke(Method.java:497)
	at org.junit.runners.model.FrameworkMethod$1.runReflectiveCall(FrameworkMethod.java:50)
	at org.junit.internal.runners.model.ReflectiveCallable.run(ReflectiveCallable.java:12)
	at org.junit.runners.model.FrameworkMethod.invokeExplosively(FrameworkMethod.java:47)
	at org.junit.internal.runners.statements.InvokeMethod.evaluate(InvokeMethod.java:17)
	at org.junit.runners.ParentRunner.runLeaf(ParentRunner.java:325)
	at org.junit.runners.BlockJUnit4ClassRunner.runChild(BlockJUnit4ClassRunner.java:78)
	at org.junit.runners.BlockJUnit4ClassRunner.runChild(BlockJUnit4ClassRunner.java:57)
	at org.junit.runners.ParentRunner$3.run(ParentRunner.java:290)
	at org.junit.runners.ParentRunner$1.schedule(ParentRunner.java:71)
	at org.junit.runners.ParentRunner.runChildren(ParentRunner.java:288)
	at org.junit.runners.ParentRunner.access$000(ParentRunner.java:58)
	at org.junit.runners.ParentRunner$2.evaluate(ParentRunner.java:268)
	at org.junit.runners.ParentRunner.run(ParentRunner.java:363)
	at org.junit.runner.JUnitCore.run(JUnitCore.java:137)
	at com.intellij.junit4.JUnit4IdeaTestRunner.startRunnerWithArgs(JUnit4IdeaTestRunner.java:74)
	at com.intellij.rt.execution.junit.JUnitStarter.prepareStreamsAndStart(JUnitStarter.java:211)
	at com.intellij.rt.execution.junit.JUnitStarter.main(JUnitStarter.java:67)
	at sun.reflect.NativeMethodAccessorImpl.invoke0(Native Method)
	at sun.reflect.NativeMethodAccessorImpl.invoke(NativeMethodAccessorImpl.java:62)
	at sun.reflect.DelegatingMethodAccessorImpl.invoke(DelegatingMethodAccessorImpl.java:43)
	at java.lang.reflect.Method.invoke(Method.java:497)
	at com.intellij.rt.execution.application.AppMain.main(AppMain.java:134)
2016-10-19 02:56:06 INFO  GreetingsChoice:54 - Greetings in that moment is : null
2016-10-19 02:56:06 INFO  GreetingsChoice:27 - Current time 23:03:03
2016-10-19 02:56:06 INFO  GreetingsChoice:54 - Greetings in that moment is : Доброй ночи, Мир!
